<?xml version="1.0" encoding="UTF-8"?>
<!-- Generated by org.testng.reporters.JUnitReportReporter -->
<testsuite hostname="pavan" failures="0" tests="1" name="TestNG.TestngExample" time="31.033" errors="0" timestamp="2022-05-17T14:20:29 IST" skipped="0">
  <testcase classname="TestNG.TestngExample" name="login" time="31.033"/>
  <system-out/>
</testsuite> <!-- TestNG.TestngExample -->
